<?xml version="1.0" encoding="UTF-8"?>
<!-- Generated by org.testng.reporters.JUnitXMLReporter -->
<testsuite ignored="0" hostname="HP" failures="0" tests="4" name="Test" time="8.612" errors="0" timestamp="2023-04-02T00:04:15 IST">
  <testcase classname="MVNTest2.ThreeTest" name="mThree" time="0.0"/>
  <testcase classname="MVNTest2.FourTest" name="mFour" time="0.0"/>
  <testcase classname="MVNTest2.OneTest" name="mOne" time="8.579"/>
  <testcase classname="MVNTest2.TwoTest" name="mTwo" time="0.0"/>
</testsuite> <!-- Test -->
