<?xml version="1.0" encoding="UTF-8"?>
<testng-results ignored="0" total="1" passed="1" failed="0" skipped="0">
  <reporter-output>
  </reporter-output>
  <suite started-at="2023-04-02T01:20:38 IST" name="Default suite" finished-at="2023-04-02T01:20:47 IST" duration-ms="8758">
    <groups>
    </groups>
    <test started-at="2023-04-02T01:20:38 IST" name="Default test" finished-at="2023-04-02T01:20:47 IST" duration-ms="8758">
      <class name="MVNTest2.OneTest">
        <test-method is-config="true" signature="configuration()[pri:0, instance:MVNTest2.OneTest@4550bb58]" started-at="2023-04-02T01:20:38 IST" name="configuration" finished-at="2023-04-02T01:20:39 IST" duration-ms="283" status="PASS">
          <reporter-output>
          </reporter-output>
        </test-method> <!-- configuration -->
        <test-method signature="mOne()[pri:0, instance:MVNTest2.OneTest@4550bb58]" started-at="2023-04-02T01:20:39 IST" name="mOne" finished-at="2023-04-02T01:20:46 IST" duration-ms="7850" status="PASS">
          <reporter-output>
          </reporter-output>
        </test-method> <!-- mOne -->
        <test-method is-config="true" signature="closure()[pri:0, instance:MVNTest2.OneTest@4550bb58]" started-at="2023-04-02T01:20:46 IST" name="closure" finished-at="2023-04-02T01:20:47 IST" duration-ms="579" status="PASS">
          <reporter-output>
          </reporter-output>
        </test-method> <!-- closure -->
      </class> <!-- MVNTest2.OneTest -->
    </test> <!-- Default test -->
  </suite> <!-- Default suite -->
</testng-results>
